<?xml version="1.0" encoding="utf-8"?><testsuites name="pytest tests"><testsuite name="pytest" errors="3" failures="0" skipped="0" tests="3" time="1.207" timestamp="2025-09-15T18:26:11.674675+00:00" hostname="a344f0d9e0dc"><testcase classname="" name="tests.property.test_data_stream_properties" time="0.000"><error message="collection failure">tests/property/test_data_stream_properties.py:10: in &lt;module&gt;
    @settings(max_examples=50, deadline=None)
     ^^^^^^^^^^^^^^^^^^^^^^^^^^^^^^^^^^^^^^^^
/home/vscode/.local/lib/python3.12/site-packages/hypothesis/_settings.py:934: in __call__
    raise InvalidArgument(
E   hypothesis.errors.InvalidArgument: @settings(...) can only be used as a decorator on functions, or on subclasses of RuleBasedStateMachine.</error></testcase><testcase classname="" name="tests.property.test_ebcdic_properties" time="0.000"><error message="collection failure">tests/property/test_ebcdic_properties.py:8: in &lt;module&gt;
    @settings(max_examples=100, deadline=None)
     ^^^^^^^^^^^^^^^^^^^^^^^^^^^^^^^^^^^^^^^^^
/home/vscode/.local/lib/python3.12/site-packages/hypothesis/_settings.py:934: in __call__
    raise InvalidArgument(
E   hypothesis.errors.InvalidArgument: @settings(...) can only be used as a decorator on functions, or on subclasses of RuleBasedStateMachine.</error></testcase><testcase classname="" name="tests.property.test_tn3270_handler_properties" time="0.000"><error message="collection failure">tests/property/test_tn3270_handler_properties.py:10: in &lt;module&gt;
    @settings(max_examples=30, deadline=None)
     ^^^^^^^^^^^^^^^^^^^^^^^^^^^^^^^^^^^^^^^^
/home/vscode/.local/lib/python3.12/site-packages/hypothesis/_settings.py:934: in __call__
    raise InvalidArgument(
E   hypothesis.errors.InvalidArgument: @settings(...) can only be used as a decorator on functions, or on subclasses of RuleBasedStateMachine.</error></testcase></testsuite></testsuites>
